Arguments: 
  /usr/local/bin/node /opt/homebrew/Cellar/yarn/1.22.19/libexec/bin/yarn.js add -D @types/node @types/react @types/react-dom react react-dom typescript

PATH: 
  /opt/homebrew/bin:/opt/homebrew/sbin:/usr/local/bin:/System/Cryptexes/App/usr/bin:/usr/bin:/bin:/usr/sbin:/sbin:/opt/homebrew/bin:/opt/homebrew/sbin

Yarn version: 
  1.22.19

Node version: 
  18.14.0

Platform: 
  darwin arm64

Trace: 
  Error: getaddrinfo ENOTFOUND registry.yarnpkg.com
      at GetAddrInfoReqWrap.onlookup [as oncomplete] (node:dns:107:26)

npm manifest: 
  {
    "name": "component-li",
    "repository": "https://github.com/photpakorn-thi/component-lib.git",
    "version": "1.0.0",
    "description": "A component library for getting people started with easy to re-use components for everyday projects.",
    "main": "dist/cjs/index.js",
    "module": "dist/esm/index.js",
    "files": [
      "dist"
    ],
    "scripts": {
      "build": "rm -rf dist/ && prettier --write src/ && npm run build:esm && npm run build:cjs",
      "build:esm": "tsc",
      "build:cjs": "tsc --module CommonJS --outDir dist/cjs"
    },
    "author": "photpakorn.thi <pthianma.w@gmail.com>",
    "license": "MIT",
    "devDependencies": {},
    "peerDependencies": {}
  }

yarn manifest: 
  No manifest

Lockfile: 
  No lockfile
